
blink.elf:     file format elf32-littleriscv


Disassembly of section .text:

10000000 <_ftext>:
10000000:	0b00006f          	j	100000b0 <crt_init>
10000004:	00000013          	nop
10000008:	00000013          	nop
1000000c:	00000013          	nop
10000010:	00000013          	nop
10000014:	00000013          	nop
10000018:	00000013          	nop
1000001c:	00000013          	nop

10000020 <trap_entry>:
10000020:	fe112e23          	sw	ra,-4(sp)
10000024:	fe512c23          	sw	t0,-8(sp)
10000028:	fe612a23          	sw	t1,-12(sp)
1000002c:	fe712823          	sw	t2,-16(sp)
10000030:	fea12623          	sw	a0,-20(sp)
10000034:	feb12423          	sw	a1,-24(sp)
10000038:	fec12223          	sw	a2,-28(sp)
1000003c:	fed12023          	sw	a3,-32(sp)
10000040:	fce12e23          	sw	a4,-36(sp)
10000044:	fcf12c23          	sw	a5,-40(sp)
10000048:	fd012a23          	sw	a6,-44(sp)
1000004c:	fd112823          	sw	a7,-48(sp)
10000050:	fdc12623          	sw	t3,-52(sp)
10000054:	fdd12423          	sw	t4,-56(sp)
10000058:	fde12223          	sw	t5,-60(sp)
1000005c:	fdf12023          	sw	t6,-64(sp)
10000060:	fc010113          	addi	sp,sp,-64
10000064:	110000ef          	jal	ra,10000174 <isr>
10000068:	03c12083          	lw	ra,60(sp)
1000006c:	03812283          	lw	t0,56(sp)
10000070:	03412303          	lw	t1,52(sp)
10000074:	03012383          	lw	t2,48(sp)
10000078:	02c12503          	lw	a0,44(sp)
1000007c:	02812583          	lw	a1,40(sp)
10000080:	02412603          	lw	a2,36(sp)
10000084:	02012683          	lw	a3,32(sp)
10000088:	01c12703          	lw	a4,28(sp)
1000008c:	01812783          	lw	a5,24(sp)
10000090:	01412803          	lw	a6,20(sp)
10000094:	01012883          	lw	a7,16(sp)
10000098:	00c12e03          	lw	t3,12(sp)
1000009c:	00812e83          	lw	t4,8(sp)
100000a0:	00412f03          	lw	t5,4(sp)
100000a4:	00012f83          	lw	t6,0(sp)
100000a8:	04010113          	addi	sp,sp,64
100000ac:	30200073          	mret

100000b0 <crt_init>:
100000b0:	40000113          	li	sp,1024
100000b4:	00000517          	auipc	a0,0x0
100000b8:	f6c50513          	addi	a0,a0,-148 # 10000020 <trap_entry>
100000bc:	30551073          	csrw	mtvec,a0

100000c0 <data_init>:
100000c0:	00000513          	li	a0,0
100000c4:	00000593          	li	a1,0
100000c8:	00000617          	auipc	a2,0x0
100000cc:	73860613          	addi	a2,a2,1848 # 10000800 <_etext>

100000d0 <data_loop>:
100000d0:	00b50c63          	beq	a0,a1,100000e8 <bss_init>
100000d4:	00062683          	lw	a3,0(a2)
100000d8:	00d52023          	sw	a3,0(a0)
100000dc:	00450513          	addi	a0,a0,4
100000e0:	00460613          	addi	a2,a2,4
100000e4:	fedff06f          	j	100000d0 <data_loop>

100000e8 <bss_init>:
100000e8:	00000513          	li	a0,0
100000ec:	00800593          	li	a1,8

100000f0 <bss_loop>:
100000f0:	00b50863          	beq	a0,a1,10000100 <bss_done>
100000f4:	00052023          	sw	zero,0(a0)
100000f8:	00450513          	addi	a0,a0,4
100000fc:	ff5ff06f          	j	100000f0 <bss_loop>

10000100 <bss_done>:
10000100:	00001537          	lui	a0,0x1
10000104:	88050513          	addi	a0,a0,-1920 # 880 <_fstack+0x480>
10000108:	30451073          	csrw	mie,a0
1000010c:	250000ef          	jal	ra,1000035c <main>

10000110 <infinit_loop>:
10000110:	0000006f          	j	10000110 <infinit_loop>

10000114 <flush_cpu_icache>:
10000114:	ff010113          	addi	sp,sp,-16
10000118:	00812623          	sw	s0,12(sp)
1000011c:	01010413          	addi	s0,sp,16
10000120:	00000013          	nop
10000124:	00c12403          	lw	s0,12(sp)
10000128:	01010113          	addi	sp,sp,16
1000012c:	00008067          	ret

10000130 <flush_cpu_dcache>:
10000130:	ff010113          	addi	sp,sp,-16
10000134:	00812623          	sw	s0,12(sp)
10000138:	01010413          	addi	s0,sp,16
1000013c:	00000013          	nop
10000140:	00c12403          	lw	s0,12(sp)
10000144:	01010113          	addi	sp,sp,16
10000148:	00008067          	ret

1000014c <irq_setmask>:
1000014c:	fe010113          	addi	sp,sp,-32
10000150:	00812e23          	sw	s0,28(sp)
10000154:	02010413          	addi	s0,sp,32
10000158:	fea42623          	sw	a0,-20(s0)
1000015c:	fec42783          	lw	a5,-20(s0)
10000160:	bc079073          	csrw	0xbc0,a5
10000164:	00000013          	nop
10000168:	01c12403          	lw	s0,28(sp)
1000016c:	02010113          	addi	sp,sp,32
10000170:	00008067          	ret

10000174 <isr>:
10000174:	ff010113          	addi	sp,sp,-16
10000178:	00112623          	sw	ra,12(sp)
1000017c:	00812423          	sw	s0,8(sp)
10000180:	01010413          	addi	s0,sp,16
10000184:	00000513          	li	a0,0
10000188:	fc5ff0ef          	jal	ra,1000014c <irq_setmask>
1000018c:	f00057b7          	lui	a5,0xf0005
10000190:	01c78793          	addi	a5,a5,28 # f000501c <_etext+0xe000481c>
10000194:	0007a023          	sw	zero,0(a5)
10000198:	f00057b7          	lui	a5,0xf0005
1000019c:	00c78793          	addi	a5,a5,12 # f000500c <_etext+0xe000480c>
100001a0:	00100713          	li	a4,1
100001a4:	00e7a023          	sw	a4,0(a5)
100001a8:	f00057b7          	lui	a5,0xf0005
100001ac:	01078793          	addi	a5,a5,16 # f0005010 <_etext+0xe0004810>
100001b0:	0007a783          	lw	a5,0(a5)
100001b4:	00079863          	bnez	a5,100001c4 <isr+0x50>
100001b8:	00100713          	li	a4,1
100001bc:	00e01023          	sh	a4,0(zero) # 0 <flag>
100001c0:	0180006f          	j	100001d8 <isr+0x64>
100001c4:	f00057b7          	lui	a5,0xf0005
100001c8:	01c78793          	addi	a5,a5,28 # f000501c <_etext+0xe000481c>
100001cc:	00100713          	li	a4,1
100001d0:	00e7a023          	sw	a4,0(a5)
100001d4:	00000013          	nop
100001d8:	00c12083          	lw	ra,12(sp)
100001dc:	00812403          	lw	s0,8(sp)
100001e0:	01010113          	addi	sp,sp,16
100001e4:	00008067          	ret

100001e8 <flush_cpu_icache>:
100001e8:	ff010113          	addi	sp,sp,-16
100001ec:	00812623          	sw	s0,12(sp)
100001f0:	01010413          	addi	s0,sp,16
100001f4:	00000013          	nop
100001f8:	00c12403          	lw	s0,12(sp)
100001fc:	01010113          	addi	sp,sp,16
10000200:	00008067          	ret

10000204 <flush_cpu_dcache>:
10000204:	ff010113          	addi	sp,sp,-16
10000208:	00812623          	sw	s0,12(sp)
1000020c:	01010413          	addi	s0,sp,16
10000210:	00000013          	nop
10000214:	00c12403          	lw	s0,12(sp)
10000218:	01010113          	addi	sp,sp,16
1000021c:	00008067          	ret

10000220 <delay>:
10000220:	fe010113          	addi	sp,sp,-32
10000224:	00812e23          	sw	s0,28(sp)
10000228:	02010413          	addi	s0,sp,32
1000022c:	fea42623          	sw	a0,-20(s0)
10000230:	f00057b7          	lui	a5,0xf0005
10000234:	00878793          	addi	a5,a5,8 # f0005008 <_etext+0xe0004808>
10000238:	0007a023          	sw	zero,0(a5)
1000023c:	f00057b7          	lui	a5,0xf0005
10000240:	fec42703          	lw	a4,-20(s0)
10000244:	00e7a023          	sw	a4,0(a5) # f0005000 <_etext+0xe0004800>
10000248:	f00057b7          	lui	a5,0xf0005
1000024c:	00878793          	addi	a5,a5,8 # f0005008 <_etext+0xe0004808>
10000250:	00100713          	li	a4,1
10000254:	00e7a023          	sw	a4,0(a5)
10000258:	f00057b7          	lui	a5,0xf0005
1000025c:	00c78793          	addi	a5,a5,12 # f000500c <_etext+0xe000480c>
10000260:	00100713          	li	a4,1
10000264:	00e7a023          	sw	a4,0(a5)
10000268:	0140006f          	j	1000027c <delay+0x5c>
1000026c:	f00057b7          	lui	a5,0xf0005
10000270:	00c78793          	addi	a5,a5,12 # f000500c <_etext+0xe000480c>
10000274:	00100713          	li	a4,1
10000278:	00e7a023          	sw	a4,0(a5)
1000027c:	f00057b7          	lui	a5,0xf0005
10000280:	01078793          	addi	a5,a5,16 # f0005010 <_etext+0xe0004810>
10000284:	0007a783          	lw	a5,0(a5)
10000288:	fe0792e3          	bnez	a5,1000026c <delay+0x4c>
1000028c:	00000013          	nop
10000290:	00000013          	nop
10000294:	01c12403          	lw	s0,28(sp)
10000298:	02010113          	addi	sp,sp,32
1000029c:	00008067          	ret

100002a0 <putchar>:
100002a0:	fe010113          	addi	sp,sp,-32
100002a4:	00112e23          	sw	ra,28(sp)
100002a8:	00812c23          	sw	s0,24(sp)
100002ac:	02010413          	addi	s0,sp,32
100002b0:	00050793          	mv	a5,a0
100002b4:	fef407a3          	sb	a5,-17(s0)
100002b8:	fef44703          	lbu	a4,-17(s0)
100002bc:	00a00793          	li	a5,10
100002c0:	00f71663          	bne	a4,a5,100002cc <putchar+0x2c>
100002c4:	00d00513          	li	a0,13
100002c8:	fd9ff0ef          	jal	ra,100002a0 <putchar>
100002cc:	00000013          	nop
100002d0:	f00067b7          	lui	a5,0xf0006
100002d4:	80478793          	addi	a5,a5,-2044 # f0005804 <_etext+0xe0005004>
100002d8:	0007a703          	lw	a4,0(a5)
100002dc:	00100793          	li	a5,1
100002e0:	fef708e3          	beq	a4,a5,100002d0 <putchar+0x30>
100002e4:	f00067b7          	lui	a5,0xf0006
100002e8:	80078793          	addi	a5,a5,-2048 # f0005800 <_etext+0xe0005000>
100002ec:	fef44703          	lbu	a4,-17(s0)
100002f0:	00e7a023          	sw	a4,0(a5)
100002f4:	00000013          	nop
100002f8:	01c12083          	lw	ra,28(sp)
100002fc:	01812403          	lw	s0,24(sp)
10000300:	02010113          	addi	sp,sp,32
10000304:	00008067          	ret

10000308 <print>:
10000308:	fe010113          	addi	sp,sp,-32
1000030c:	00112e23          	sw	ra,28(sp)
10000310:	00812c23          	sw	s0,24(sp)
10000314:	02010413          	addi	s0,sp,32
10000318:	fea42623          	sw	a0,-20(s0)
1000031c:	01c0006f          	j	10000338 <print+0x30>
10000320:	fec42783          	lw	a5,-20(s0)
10000324:	00178713          	addi	a4,a5,1
10000328:	fee42623          	sw	a4,-20(s0)
1000032c:	0007c783          	lbu	a5,0(a5)
10000330:	00078513          	mv	a0,a5
10000334:	f6dff0ef          	jal	ra,100002a0 <putchar>
10000338:	fec42783          	lw	a5,-20(s0)
1000033c:	0007c783          	lbu	a5,0(a5)
10000340:	fe0790e3          	bnez	a5,10000320 <print+0x18>
10000344:	00000013          	nop
10000348:	00000013          	nop
1000034c:	01c12083          	lw	ra,28(sp)
10000350:	01812403          	lw	s0,24(sp)
10000354:	02010113          	addi	sp,sp,32
10000358:	00008067          	ret

1000035c <main>:
1000035c:	ff010113          	addi	sp,sp,-16
10000360:	00112623          	sw	ra,12(sp)
10000364:	00812423          	sw	s0,8(sp)
10000368:	01010413          	addi	s0,sp,16
1000036c:	f00037b7          	lui	a5,0xf0003
10000370:	80078793          	addi	a5,a5,-2048 # f0002800 <_etext+0xe0002000>
10000374:	00100713          	li	a4,1
10000378:	00e7a023          	sw	a4,0(a5)
1000037c:	f00037b7          	lui	a5,0xf0003
10000380:	80478793          	addi	a5,a5,-2044 # f0002804 <_etext+0xe0002004>
10000384:	0007a023          	sw	zero,0(a5)
10000388:	f00037b7          	lui	a5,0xf0003
1000038c:	80878793          	addi	a5,a5,-2040 # f0002808 <_etext+0xe0002008>
10000390:	00100713          	li	a4,1
10000394:	00e7a023          	sw	a4,0(a5)
10000398:	f00037b7          	lui	a5,0xf0003
1000039c:	80c78793          	addi	a5,a5,-2036 # f000280c <_etext+0xe000200c>
100003a0:	00100713          	li	a4,1
100003a4:	00e7a023          	sw	a4,0(a5)
100003a8:	260007b7          	lui	a5,0x26000
100003ac:	0b878793          	addi	a5,a5,184 # 260000b8 <_etext+0x15fff8b8>
100003b0:	00002737          	lui	a4,0x2
100003b4:	80970713          	addi	a4,a4,-2039 # 1809 <_fstack+0x1409>
100003b8:	00e7a023          	sw	a4,0(a5)
100003bc:	260007b7          	lui	a5,0x26000
100003c0:	0b478793          	addi	a5,a5,180 # 260000b4 <_etext+0x15fff8b4>
100003c4:	00002737          	lui	a4,0x2
100003c8:	80970713          	addi	a4,a4,-2039 # 1809 <_fstack+0x1409>
100003cc:	00e7a023          	sw	a4,0(a5)
100003d0:	260007b7          	lui	a5,0x26000
100003d4:	0b078793          	addi	a5,a5,176 # 260000b0 <_etext+0x15fff8b0>
100003d8:	00002737          	lui	a4,0x2
100003dc:	80970713          	addi	a4,a4,-2039 # 1809 <_fstack+0x1409>
100003e0:	00e7a023          	sw	a4,0(a5)
100003e4:	260007b7          	lui	a5,0x26000
100003e8:	0ac78793          	addi	a5,a5,172 # 260000ac <_etext+0x15fff8ac>
100003ec:	00002737          	lui	a4,0x2
100003f0:	80970713          	addi	a4,a4,-2039 # 1809 <_fstack+0x1409>
100003f4:	00e7a023          	sw	a4,0(a5)
100003f8:	260007b7          	lui	a5,0x26000
100003fc:	0a878793          	addi	a5,a5,168 # 260000a8 <_etext+0x15fff8a8>
10000400:	00002737          	lui	a4,0x2
10000404:	80970713          	addi	a4,a4,-2039 # 1809 <_fstack+0x1409>
10000408:	00e7a023          	sw	a4,0(a5)
1000040c:	260007b7          	lui	a5,0x26000
10000410:	0a478793          	addi	a5,a5,164 # 260000a4 <_etext+0x15fff8a4>
10000414:	00002737          	lui	a4,0x2
10000418:	80970713          	addi	a4,a4,-2039 # 1809 <_fstack+0x1409>
1000041c:	00e7a023          	sw	a4,0(a5)
10000420:	260007b7          	lui	a5,0x26000
10000424:	0a078793          	addi	a5,a5,160 # 260000a0 <_etext+0x15fff8a0>
10000428:	00001737          	lui	a4,0x1
1000042c:	00370713          	addi	a4,a4,3 # 1003 <_fstack+0xc03>
10000430:	00e7a023          	sw	a4,0(a5)
10000434:	260007b7          	lui	a5,0x26000
10000438:	09c78793          	addi	a5,a5,156 # 2600009c <_etext+0x15fff89c>
1000043c:	00001737          	lui	a4,0x1
10000440:	00370713          	addi	a4,a4,3 # 1003 <_fstack+0xc03>
10000444:	00e7a023          	sw	a4,0(a5)
10000448:	260007b7          	lui	a5,0x26000
1000044c:	09878793          	addi	a5,a5,152 # 26000098 <_etext+0x15fff898>
10000450:	00001737          	lui	a4,0x1
10000454:	00370713          	addi	a4,a4,3 # 1003 <_fstack+0xc03>
10000458:	00e7a023          	sw	a4,0(a5)
1000045c:	260007b7          	lui	a5,0x26000
10000460:	09478793          	addi	a5,a5,148 # 26000094 <_etext+0x15fff894>
10000464:	00001737          	lui	a4,0x1
10000468:	00370713          	addi	a4,a4,3 # 1003 <_fstack+0xc03>
1000046c:	00e7a023          	sw	a4,0(a5)
10000470:	260007b7          	lui	a5,0x26000
10000474:	09078793          	addi	a5,a5,144 # 26000090 <_etext+0x15fff890>
10000478:	00001737          	lui	a4,0x1
1000047c:	00370713          	addi	a4,a4,3 # 1003 <_fstack+0xc03>
10000480:	00e7a023          	sw	a4,0(a5)
10000484:	260007b7          	lui	a5,0x26000
10000488:	08c78793          	addi	a5,a5,140 # 2600008c <_etext+0x15fff88c>
1000048c:	00001737          	lui	a4,0x1
10000490:	00370713          	addi	a4,a4,3 # 1003 <_fstack+0xc03>
10000494:	00e7a023          	sw	a4,0(a5)
10000498:	260007b7          	lui	a5,0x26000
1000049c:	08878793          	addi	a5,a5,136 # 26000088 <_etext+0x15fff888>
100004a0:	00001737          	lui	a4,0x1
100004a4:	00370713          	addi	a4,a4,3 # 1003 <_fstack+0xc03>
100004a8:	00e7a023          	sw	a4,0(a5)
100004ac:	260007b7          	lui	a5,0x26000
100004b0:	08478793          	addi	a5,a5,132 # 26000084 <_etext+0x15fff884>
100004b4:	00001737          	lui	a4,0x1
100004b8:	00370713          	addi	a4,a4,3 # 1003 <_fstack+0xc03>
100004bc:	00e7a023          	sw	a4,0(a5)
100004c0:	260007b7          	lui	a5,0x26000
100004c4:	08078793          	addi	a5,a5,128 # 26000080 <_etext+0x15fff880>
100004c8:	00001737          	lui	a4,0x1
100004cc:	00370713          	addi	a4,a4,3 # 1003 <_fstack+0xc03>
100004d0:	00e7a023          	sw	a4,0(a5)
100004d4:	260007b7          	lui	a5,0x26000
100004d8:	07c78793          	addi	a5,a5,124 # 2600007c <_etext+0x15fff87c>
100004dc:	00001737          	lui	a4,0x1
100004e0:	00370713          	addi	a4,a4,3 # 1003 <_fstack+0xc03>
100004e4:	00e7a023          	sw	a4,0(a5)
100004e8:	260007b7          	lui	a5,0x26000
100004ec:	07878793          	addi	a5,a5,120 # 26000078 <_etext+0x15fff878>
100004f0:	00001737          	lui	a4,0x1
100004f4:	00370713          	addi	a4,a4,3 # 1003 <_fstack+0xc03>
100004f8:	00e7a023          	sw	a4,0(a5)
100004fc:	260007b7          	lui	a5,0x26000
10000500:	07478793          	addi	a5,a5,116 # 26000074 <_etext+0x15fff874>
10000504:	00001737          	lui	a4,0x1
10000508:	00370713          	addi	a4,a4,3 # 1003 <_fstack+0xc03>
1000050c:	00e7a023          	sw	a4,0(a5)
10000510:	260007b7          	lui	a5,0x26000
10000514:	07078793          	addi	a5,a5,112 # 26000070 <_etext+0x15fff870>
10000518:	00001737          	lui	a4,0x1
1000051c:	00370713          	addi	a4,a4,3 # 1003 <_fstack+0xc03>
10000520:	00e7a023          	sw	a4,0(a5)
10000524:	260007b7          	lui	a5,0x26000
10000528:	06c78793          	addi	a5,a5,108 # 2600006c <_etext+0x15fff86c>
1000052c:	00001737          	lui	a4,0x1
10000530:	00370713          	addi	a4,a4,3 # 1003 <_fstack+0xc03>
10000534:	00e7a023          	sw	a4,0(a5)
10000538:	260007b7          	lui	a5,0x26000
1000053c:	06878793          	addi	a5,a5,104 # 26000068 <_etext+0x15fff868>
10000540:	00001737          	lui	a4,0x1
10000544:	00370713          	addi	a4,a4,3 # 1003 <_fstack+0xc03>
10000548:	00e7a023          	sw	a4,0(a5)
1000054c:	260007b7          	lui	a5,0x26000
10000550:	06478793          	addi	a5,a5,100 # 26000064 <_etext+0x15fff864>
10000554:	00001737          	lui	a4,0x1
10000558:	00370713          	addi	a4,a4,3 # 1003 <_fstack+0xc03>
1000055c:	00e7a023          	sw	a4,0(a5)
10000560:	260007b7          	lui	a5,0x26000
10000564:	06078793          	addi	a5,a5,96 # 26000060 <_etext+0x15fff860>
10000568:	00001737          	lui	a4,0x1
1000056c:	00370713          	addi	a4,a4,3 # 1003 <_fstack+0xc03>
10000570:	00e7a023          	sw	a4,0(a5)
10000574:	260007b7          	lui	a5,0x26000
10000578:	05c78793          	addi	a5,a5,92 # 2600005c <_etext+0x15fff85c>
1000057c:	00001737          	lui	a4,0x1
10000580:	00370713          	addi	a4,a4,3 # 1003 <_fstack+0xc03>
10000584:	00e7a023          	sw	a4,0(a5)
10000588:	260007b7          	lui	a5,0x26000
1000058c:	05878793          	addi	a5,a5,88 # 26000058 <_etext+0x15fff858>
10000590:	00001737          	lui	a4,0x1
10000594:	00370713          	addi	a4,a4,3 # 1003 <_fstack+0xc03>
10000598:	00e7a023          	sw	a4,0(a5)
1000059c:	260007b7          	lui	a5,0x26000
100005a0:	05478793          	addi	a5,a5,84 # 26000054 <_etext+0x15fff854>
100005a4:	00001737          	lui	a4,0x1
100005a8:	00370713          	addi	a4,a4,3 # 1003 <_fstack+0xc03>
100005ac:	00e7a023          	sw	a4,0(a5)
100005b0:	260007b7          	lui	a5,0x26000
100005b4:	05078793          	addi	a5,a5,80 # 26000050 <_etext+0x15fff850>
100005b8:	00001737          	lui	a4,0x1
100005bc:	00370713          	addi	a4,a4,3 # 1003 <_fstack+0xc03>
100005c0:	00e7a023          	sw	a4,0(a5)
100005c4:	260007b7          	lui	a5,0x26000
100005c8:	04c78793          	addi	a5,a5,76 # 2600004c <_etext+0x15fff84c>
100005cc:	00001737          	lui	a4,0x1
100005d0:	00370713          	addi	a4,a4,3 # 1003 <_fstack+0xc03>
100005d4:	00e7a023          	sw	a4,0(a5)
100005d8:	260007b7          	lui	a5,0x26000
100005dc:	04878793          	addi	a5,a5,72 # 26000048 <_etext+0x15fff848>
100005e0:	00001737          	lui	a4,0x1
100005e4:	00370713          	addi	a4,a4,3 # 1003 <_fstack+0xc03>
100005e8:	00e7a023          	sw	a4,0(a5)
100005ec:	260007b7          	lui	a5,0x26000
100005f0:	04478793          	addi	a5,a5,68 # 26000044 <_etext+0x15fff844>
100005f4:	00001737          	lui	a4,0x1
100005f8:	00370713          	addi	a4,a4,3 # 1003 <_fstack+0xc03>
100005fc:	00e7a023          	sw	a4,0(a5)
10000600:	260007b7          	lui	a5,0x26000
10000604:	04078793          	addi	a5,a5,64 # 26000040 <_etext+0x15fff840>
10000608:	00001737          	lui	a4,0x1
1000060c:	00370713          	addi	a4,a4,3 # 1003 <_fstack+0xc03>
10000610:	00e7a023          	sw	a4,0(a5)
10000614:	260007b7          	lui	a5,0x26000
10000618:	03c78793          	addi	a5,a5,60 # 2600003c <_etext+0x15fff83c>
1000061c:	00002737          	lui	a4,0x2
10000620:	80970713          	addi	a4,a4,-2039 # 1809 <_fstack+0x1409>
10000624:	00e7a023          	sw	a4,0(a5)
10000628:	260007b7          	lui	a5,0x26000
1000062c:	03878793          	addi	a5,a5,56 # 26000038 <_etext+0x15fff838>
10000630:	00001737          	lui	a4,0x1
10000634:	00370713          	addi	a4,a4,3 # 1003 <_fstack+0xc03>
10000638:	00e7a023          	sw	a4,0(a5)
1000063c:	260007b7          	lui	a5,0x26000
10000640:	03478793          	addi	a5,a5,52 # 26000034 <_etext+0x15fff834>
10000644:	00001737          	lui	a4,0x1
10000648:	00370713          	addi	a4,a4,3 # 1003 <_fstack+0xc03>
1000064c:	00e7a023          	sw	a4,0(a5)
10000650:	260007b7          	lui	a5,0x26000
10000654:	03078793          	addi	a5,a5,48 # 26000030 <_etext+0x15fff830>
10000658:	00001737          	lui	a4,0x1
1000065c:	00370713          	addi	a4,a4,3 # 1003 <_fstack+0xc03>
10000660:	00e7a023          	sw	a4,0(a5)
10000664:	260007b7          	lui	a5,0x26000
10000668:	02c78793          	addi	a5,a5,44 # 2600002c <_etext+0x15fff82c>
1000066c:	00001737          	lui	a4,0x1
10000670:	00370713          	addi	a4,a4,3 # 1003 <_fstack+0xc03>
10000674:	00e7a023          	sw	a4,0(a5)
10000678:	260007b7          	lui	a5,0x26000
1000067c:	02878793          	addi	a5,a5,40 # 26000028 <_etext+0x15fff828>
10000680:	00002737          	lui	a4,0x2
10000684:	80970713          	addi	a4,a4,-2039 # 1809 <_fstack+0x1409>
10000688:	00e7a023          	sw	a4,0(a5)
1000068c:	260007b7          	lui	a5,0x26000
10000690:	00100713          	li	a4,1
10000694:	00e7a023          	sw	a4,0(a5) # 26000000 <_etext+0x15fff800>
10000698:	00000013          	nop
1000069c:	260007b7          	lui	a5,0x26000
100006a0:	0007a703          	lw	a4,0(a5) # 26000000 <_etext+0x15fff800>
100006a4:	00100793          	li	a5,1
100006a8:	fef70ae3          	beq	a4,a5,1000069c <main+0x340>
100006ac:	f00037b7          	lui	a5,0xf0003
100006b0:	81478793          	addi	a5,a5,-2028 # f0002814 <_etext+0xe0002014>
100006b4:	00100713          	li	a4,1
100006b8:	00e7a023          	sw	a4,0(a5)
100006bc:	260007b7          	lui	a5,0x26000
100006c0:	00c78793          	addi	a5,a5,12 # 2600000c <_etext+0x15fff80c>
100006c4:	0007a023          	sw	zero,0(a5)
100006c8:	260007b7          	lui	a5,0x26000
100006cc:	01078793          	addi	a5,a5,16 # 26000010 <_etext+0x15fff810>
100006d0:	0007a023          	sw	zero,0(a5)
100006d4:	007a17b7          	lui	a5,0x7a1
100006d8:	20078513          	addi	a0,a5,512 # 7a1200 <_fstack+0x7a0e00>
100006dc:	b45ff0ef          	jal	ra,10000220 <delay>
100006e0:	f00037b7          	lui	a5,0xf0003
100006e4:	81478793          	addi	a5,a5,-2028 # f0002814 <_etext+0xe0002014>
100006e8:	0007a023          	sw	zero,0(a5)
100006ec:	260007b7          	lui	a5,0x26000
100006f0:	01078793          	addi	a5,a5,16 # 26000010 <_etext+0x15fff810>
100006f4:	03f00713          	li	a4,63
100006f8:	00e7a023          	sw	a4,0(a5)
100006fc:	260007b7          	lui	a5,0x26000
10000700:	00c78793          	addi	a5,a5,12 # 2600000c <_etext+0x15fff80c>
10000704:	fff00713          	li	a4,-1
10000708:	00e7a023          	sw	a4,0(a5)
1000070c:	007a17b7          	lui	a5,0x7a1
10000710:	20078513          	addi	a0,a5,512 # 7a1200 <_fstack+0x7a0e00>
10000714:	b0dff0ef          	jal	ra,10000220 <delay>
10000718:	f95ff06f          	j	100006ac <main+0x350>
	...

Disassembly of section .bss:

00000000 <flag>:
	...

Disassembly of section .riscv.attributes:

00000000 <.riscv.attributes>:
   0:	1f41                	addi	t5,t5,-16
   2:	0000                	unimp
   4:	7200                	flw	fs0,32(a2)
   6:	7369                	lui	t1,0xffffa
   8:	01007663          	bgeu	zero,a6,14 <_ebss+0xc>
   c:	0015                	c.nop	5
   e:	0000                	unimp
  10:	1004                	addi	s1,sp,32
  12:	7205                	lui	tp,0xfffe1
  14:	3376                	fld	ft6,376(sp)
  16:	6932                	flw	fs2,12(sp)
  18:	7032                	flw	ft0,44(sp)
  1a:	0030                	addi	a2,sp,8
  1c:	0108                	addi	a0,sp,128
  1e:	0b0a                	slli	s6,s6,0x2

Disassembly of section .comment:

00000000 <.comment>:
   0:	3a434347          	fmsub.d	ft6,ft6,ft4,ft7,rmm
   4:	2820                	fld	fs0,80(s0)
   6:	29554e47          	fmsub.s	ft8,fa0,fs5,ft5,rmm
   a:	3120                	fld	fs0,96(a0)
   c:	2e31                	jal	328 <_ebss+0x320>
   e:	2e31                	jal	32a <_ebss+0x322>
  10:	0030                	addi	a2,sp,8
