
mprj_no_bitbang.elf:     file format elf32-littleriscv


Disassembly of section .text:

10000000 <_ftext>:
10000000:	0b00006f          	j	100000b0 <crt_init>
10000004:	00000013          	nop
10000008:	00000013          	nop
1000000c:	00000013          	nop
10000010:	00000013          	nop
10000014:	00000013          	nop
10000018:	00000013          	nop
1000001c:	00000013          	nop

10000020 <trap_entry>:
10000020:	fe112e23          	sw	ra,-4(sp)
10000024:	fe512c23          	sw	t0,-8(sp)
10000028:	fe612a23          	sw	t1,-12(sp)
1000002c:	fe712823          	sw	t2,-16(sp)
10000030:	fea12623          	sw	a0,-20(sp)
10000034:	feb12423          	sw	a1,-24(sp)
10000038:	fec12223          	sw	a2,-28(sp)
1000003c:	fed12023          	sw	a3,-32(sp)
10000040:	fce12e23          	sw	a4,-36(sp)
10000044:	fcf12c23          	sw	a5,-40(sp)
10000048:	fd012a23          	sw	a6,-44(sp)
1000004c:	fd112823          	sw	a7,-48(sp)
10000050:	fdc12623          	sw	t3,-52(sp)
10000054:	fdd12423          	sw	t4,-56(sp)
10000058:	fde12223          	sw	t5,-60(sp)
1000005c:	fdf12023          	sw	t6,-64(sp)
10000060:	fc010113          	addi	sp,sp,-64
10000064:	114000ef          	jal	ra,10000178 <isr>
10000068:	03c12083          	lw	ra,60(sp)
1000006c:	03812283          	lw	t0,56(sp)
10000070:	03412303          	lw	t1,52(sp)
10000074:	03012383          	lw	t2,48(sp)
10000078:	02c12503          	lw	a0,44(sp)
1000007c:	02812583          	lw	a1,40(sp)
10000080:	02412603          	lw	a2,36(sp)
10000084:	02012683          	lw	a3,32(sp)
10000088:	01c12703          	lw	a4,28(sp)
1000008c:	01812783          	lw	a5,24(sp)
10000090:	01412803          	lw	a6,20(sp)
10000094:	01012883          	lw	a7,16(sp)
10000098:	00c12e03          	lw	t3,12(sp)
1000009c:	00812e83          	lw	t4,8(sp)
100000a0:	00412f03          	lw	t5,4(sp)
100000a4:	00012f83          	lw	t6,0(sp)
100000a8:	04010113          	addi	sp,sp,64
100000ac:	30200073          	mret

100000b0 <crt_init>:
100000b0:	f1000117          	auipc	sp,0xf1000
100000b4:	75010113          	addi	sp,sp,1872 # 1000800 <_fstack>
100000b8:	00000517          	auipc	a0,0x0
100000bc:	f6850513          	addi	a0,a0,-152 # 10000020 <trap_entry>
100000c0:	30551073          	csrw	mtvec,a0

100000c4 <data_init>:
100000c4:	00000513          	li	a0,0
100000c8:	00000593          	li	a1,0
100000cc:	00000617          	auipc	a2,0x0
100000d0:	1bc60613          	addi	a2,a2,444 # 10000288 <_etext>

100000d4 <data_loop>:
100000d4:	00b50c63          	beq	a0,a1,100000ec <bss_init>
100000d8:	00062683          	lw	a3,0(a2)
100000dc:	00d52023          	sw	a3,0(a0)
100000e0:	00450513          	addi	a0,a0,4
100000e4:	00460613          	addi	a2,a2,4
100000e8:	fedff06f          	j	100000d4 <data_loop>

100000ec <bss_init>:
100000ec:	00000513          	li	a0,0
100000f0:	19800593          	li	a1,408

100000f4 <bss_loop>:
100000f4:	00b50863          	beq	a0,a1,10000104 <bss_done>
100000f8:	00052023          	sw	zero,0(a0)
100000fc:	00450513          	addi	a0,a0,4
10000100:	ff5ff06f          	j	100000f4 <bss_loop>

10000104 <bss_done>:
10000104:	00001537          	lui	a0,0x1
10000108:	88050513          	addi	a0,a0,-1920 # 880 <_ebss+0x6e8>
1000010c:	30451073          	csrw	mie,a0
10000110:	114000ef          	jal	ra,10000224 <main>

10000114 <infinit_loop>:
10000114:	0000006f          	j	10000114 <infinit_loop>

10000118 <flush_cpu_icache>:
10000118:	ff010113          	addi	sp,sp,-16
1000011c:	00812623          	sw	s0,12(sp)
10000120:	01010413          	addi	s0,sp,16
10000124:	00000013          	nop
10000128:	00c12403          	lw	s0,12(sp)
1000012c:	01010113          	addi	sp,sp,16
10000130:	00008067          	ret

10000134 <flush_cpu_dcache>:
10000134:	ff010113          	addi	sp,sp,-16
10000138:	00812623          	sw	s0,12(sp)
1000013c:	01010413          	addi	s0,sp,16
10000140:	00000013          	nop
10000144:	00c12403          	lw	s0,12(sp)
10000148:	01010113          	addi	sp,sp,16
1000014c:	00008067          	ret

10000150 <irq_setmask>:
10000150:	fe010113          	addi	sp,sp,-32
10000154:	00812e23          	sw	s0,28(sp)
10000158:	02010413          	addi	s0,sp,32
1000015c:	fea42623          	sw	a0,-20(s0)
10000160:	fec42783          	lw	a5,-20(s0)
10000164:	bc079073          	csrw	0xbc0,a5
10000168:	00000013          	nop
1000016c:	01c12403          	lw	s0,28(sp)
10000170:	02010113          	addi	sp,sp,32
10000174:	00008067          	ret

10000178 <isr>:
10000178:	ff010113          	addi	sp,sp,-16
1000017c:	00112623          	sw	ra,12(sp)
10000180:	00812423          	sw	s0,8(sp)
10000184:	01010413          	addi	s0,sp,16
10000188:	00000513          	li	a0,0
1000018c:	fc5ff0ef          	jal	ra,10000150 <irq_setmask>
10000190:	f00057b7          	lui	a5,0xf0005
10000194:	01c78793          	addi	a5,a5,28 # f000501c <_etext+0xe0004d94>
10000198:	0007a023          	sw	zero,0(a5)
1000019c:	f00057b7          	lui	a5,0xf0005
100001a0:	00c78793          	addi	a5,a5,12 # f000500c <_etext+0xe0004d84>
100001a4:	00100713          	li	a4,1
100001a8:	00e7a023          	sw	a4,0(a5)
100001ac:	f00057b7          	lui	a5,0xf0005
100001b0:	01078793          	addi	a5,a5,16 # f0005010 <_etext+0xe0004d88>
100001b4:	0007a783          	lw	a5,0(a5)
100001b8:	00079863          	bnez	a5,100001c8 <isr+0x50>
100001bc:	00100713          	li	a4,1
100001c0:	00e01023          	sh	a4,0(zero) # 0 <flag>
100001c4:	0180006f          	j	100001dc <isr+0x64>
100001c8:	f00057b7          	lui	a5,0xf0005
100001cc:	01c78793          	addi	a5,a5,28 # f000501c <_etext+0xe0004d94>
100001d0:	00100713          	li	a4,1
100001d4:	00e7a023          	sw	a4,0(a5)
100001d8:	00000013          	nop
100001dc:	00c12083          	lw	ra,12(sp)
100001e0:	00812403          	lw	s0,8(sp)
100001e4:	01010113          	addi	sp,sp,16
100001e8:	00008067          	ret

100001ec <flush_cpu_icache>:
100001ec:	ff010113          	addi	sp,sp,-16
100001f0:	00812623          	sw	s0,12(sp)
100001f4:	01010413          	addi	s0,sp,16
100001f8:	00000013          	nop
100001fc:	00c12403          	lw	s0,12(sp)
10000200:	01010113          	addi	sp,sp,16
10000204:	00008067          	ret

10000208 <flush_cpu_dcache>:
10000208:	ff010113          	addi	sp,sp,-16
1000020c:	00812623          	sw	s0,12(sp)
10000210:	01010413          	addi	s0,sp,16
10000214:	00000013          	nop
10000218:	00c12403          	lw	s0,12(sp)
1000021c:	01010113          	addi	sp,sp,16
10000220:	00008067          	ret

10000224 <main>:
10000224:	ff010113          	addi	sp,sp,-16
10000228:	00812623          	sw	s0,12(sp)
1000022c:	01010413          	addi	s0,sp,16
10000230:	260007b7          	lui	a5,0x26000
10000234:	0a078793          	addi	a5,a5,160 # 260000a0 <_etext+0x15fffe18>
10000238:	00002737          	lui	a4,0x2
1000023c:	80170713          	addi	a4,a4,-2047 # 1801 <_ebss+0x1669>
10000240:	00e7a023          	sw	a4,0(a5)
10000244:	260007b7          	lui	a5,0x26000
10000248:	00c78793          	addi	a5,a5,12 # 2600000c <_etext+0x15fffd84>
1000024c:	fff00713          	li	a4,-1
10000250:	00e7a023          	sw	a4,0(a5)
10000254:	260007b7          	lui	a5,0x26000
10000258:	01078793          	addi	a5,a5,16 # 26000010 <_etext+0x15fffd88>
1000025c:	03f00713          	li	a4,63
10000260:	00e7a023          	sw	a4,0(a5)
10000264:	260007b7          	lui	a5,0x26000
10000268:	00100713          	li	a4,1
1000026c:	00e7a023          	sw	a4,0(a5) # 26000000 <_etext+0x15fffd78>
10000270:	00000013          	nop
10000274:	260007b7          	lui	a5,0x26000
10000278:	0007a703          	lw	a4,0(a5) # 26000000 <_etext+0x15fffd78>
1000027c:	00100793          	li	a5,1
10000280:	fef70ae3          	beq	a4,a5,10000274 <main+0x50>
10000284:	0000006f          	j	10000284 <main+0x60>

Disassembly of section .bss:

00000000 <flag>:
   0:	0000                	unimp
	...

00000004 <x>:
	...

Disassembly of section .riscv.attributes:

00000000 <.riscv.attributes>:
   0:	1f41                	addi	t5,t5,-16
   2:	0000                	unimp
   4:	7200                	flw	fs0,32(a2)
   6:	7369                	lui	t1,0xffffa
   8:	01007663          	bgeu	zero,a6,14 <x+0x10>
   c:	0015                	c.nop	5
   e:	0000                	unimp
  10:	1004                	addi	s1,sp,32
  12:	7205                	lui	tp,0xfffe1
  14:	3376                	fld	ft6,376(sp)
  16:	6932                	flw	fs2,12(sp)
  18:	7032                	flw	ft0,44(sp)
  1a:	0030                	addi	a2,sp,8
  1c:	0108                	addi	a0,sp,128
  1e:	0b0a                	slli	s6,s6,0x2

Disassembly of section .comment:

00000000 <.comment>:
   0:	3a434347          	fmsub.d	ft6,ft6,ft4,ft7,rmm
   4:	2820                	fld	fs0,80(s0)
   6:	29554e47          	fmsub.s	ft8,fa0,fs5,ft5,rmm
   a:	3120                	fld	fs0,96(a0)
   c:	2e31                	jal	328 <_ebss+0x190>
   e:	2e31                	jal	32a <_ebss+0x192>
  10:	0030                	addi	a2,sp,8
