
io_config.elf:     file format elf32-littleriscv


Disassembly of section .text:

10000000 <start>:
10000000:	21000a37          	lui	s4,0x21000
10000004:	00100493          	li	s1,1
10000008:	009a2023          	sw	s1,0(s4) # 21000000 <_etext+0x10ffff68>
1000000c:	000a2223          	sw	zero,4(s4)
10000010:	000a2423          	sw	zero,8(s4)
10000014:	000a2623          	sw	zero,12(s4)
10000018:	000024b7          	lui	s1,0x2
1000001c:	80948493          	addi	s1,s1,-2039 # 1809 <_ebss+0x1809>
10000020:	26000937          	lui	s2,0x26000
10000024:	02490913          	addi	s2,s2,36 # 26000024 <_etext+0x15ffff8c>
10000028:	00992e23          	sw	s1,28(s2)
1000002c:	02992023          	sw	s1,32(s2)
10000030:	02992223          	sw	s1,36(s2)
10000034:	02992423          	sw	s1,40(s2)
10000038:	26000b37          	lui	s6,0x26000
1000003c:	00100493          	li	s1,1
10000040:	009b2023          	sw	s1,0(s6) # 26000000 <_etext+0x15ffff68>
10000044:	00000013          	nop
10000048:	00000013          	nop
1000004c:	00000013          	nop
10000050:	00000013          	nop

10000054 <wait>:
10000054:	00032b83          	lw	s7,0(t1)
10000058:	00000013          	nop
1000005c:	00000013          	nop
10000060:	fe0b9ae3          	bnez	s7,10000054 <wait>
10000064:	00000013          	nop
10000068:	00000013          	nop
1000006c:	f8000a93          	li	s5,-128
10000070:	260009b7          	lui	s3,0x26000
10000074:	00c98993          	addi	s3,s3,12 # 2600000c <_etext+0x15ffff74>
10000078:	0159a023          	sw	s5,0(s3)
1000007c:	000a2023          	sw	zero,0(s4)
10000080:	00000013          	nop
10000084:	00000013          	nop
10000088:	00000013          	nop
1000008c:	00000013          	nop
10000090:	00000013          	nop

10000094 <done>:
10000094:	00000063          	beqz	zero,10000094 <done>

Disassembly of section .riscv.attributes:

00000000 <.riscv.attributes>:
   0:	1941                	addi	s2,s2,-16
   2:	0000                	unimp
   4:	7200                	flw	fs0,32(a2)
   6:	7369                	lui	t1,0xffffa
   8:	01007663          	bgeu	zero,a6,14 <_ebss+0x14>
   c:	0000000f          	fence	unknown,unknown
  10:	7205                	lui	tp,0xfffe1
  12:	3376                	fld	ft6,376(sp)
  14:	6932                	flw	fs2,12(sp)
  16:	7032                	flw	ft0,44(sp)
  18:	0030                	addi	a2,sp,8
