
io_config.elf:     file format elf32-littleriscv


Disassembly of section .text:

10000000 <start>:
10000000:	210005b7          	lui	a1,0x21000
10000004:	00100093          	li	ra,1
10000008:	0015a023          	sw	ra,0(a1) # 21000000 <_etext+0x10ffff4c>
1000000c:	0005a223          	sw	zero,4(a1)
10000010:	0005a423          	sw	zero,8(a1)
10000014:	0005a623          	sw	zero,12(a1)
10000018:	000020b7          	lui	ra,0x2
1000001c:	80908093          	addi	ra,ra,-2039 # 1809 <_ebss+0x1809>
10000020:	26000137          	lui	sp,0x26000
10000024:	02410113          	addi	sp,sp,36 # 26000024 <_etext+0x15ffff70>
10000028:	00112023          	sw	ra,0(sp)
1000002c:	00112223          	sw	ra,4(sp)
10000030:	00112423          	sw	ra,8(sp)
10000034:	00112623          	sw	ra,12(sp)
10000038:	00112823          	sw	ra,16(sp)
1000003c:	00112a23          	sw	ra,20(sp)
10000040:	00112c23          	sw	ra,24(sp)
10000044:	00112e23          	sw	ra,28(sp)
10000048:	02112023          	sw	ra,32(sp)
1000004c:	02112223          	sw	ra,36(sp)
10000050:	02112423          	sw	ra,40(sp)
10000054:	26000337          	lui	t1,0x26000
10000058:	00100093          	li	ra,1
1000005c:	00132023          	sw	ra,0(t1) # 26000000 <_etext+0x15ffff4c>
10000060:	00000013          	nop
10000064:	00000013          	nop
10000068:	00000013          	nop
1000006c:	00000013          	nop

10000070 <wait>:
10000070:	00032383          	lw	t2,0(t1)
10000074:	00000013          	nop
10000078:	00000013          	nop
1000007c:	fe039ae3          	bnez	t2,10000070 <wait>
10000080:	00000013          	nop
10000084:	00000013          	nop
10000088:	fff00613          	li	a2,-1
1000008c:	260002b7          	lui	t0,0x26000
10000090:	00c28293          	addi	t0,t0,12 # 2600000c <_etext+0x15ffff58>
10000094:	00c2a023          	sw	a2,0(t0)
10000098:	0005a023          	sw	zero,0(a1)
1000009c:	00000013          	nop
100000a0:	00000013          	nop
100000a4:	00000013          	nop
100000a8:	00000013          	nop
100000ac:	00000013          	nop

100000b0 <done>:
100000b0:	00000063          	beqz	zero,100000b0 <done>

Disassembly of section .riscv.attributes:

00000000 <.riscv.attributes>:
   0:	1941                	addi	s2,s2,-16
   2:	0000                	unimp
   4:	7200                	flw	fs0,32(a2)
   6:	7369                	lui	t1,0xffffa
   8:	01007663          	bgeu	zero,a6,14 <_ebss+0x14>
   c:	0000000f          	fence	unknown,unknown
  10:	7205                	lui	tp,0xfffe1
  12:	3376                	fld	ft6,376(sp)
  14:	6932                	flw	fs2,12(sp)
  16:	7032                	flw	ft0,44(sp)
  18:	0030                	addi	a2,sp,8
